#
# There is insufficient memory for the Java Runtime Environment to continue.
# Native memory allocation (malloc) failed to allocate 63200 bytes for Chunk::new
# Possible reasons:
#   The system is out of physical RAM or swap space
#   The process is running with CompressedOops enabled, and the Java Heap may be blocking the growth of the native heap
# Possible solutions:
#   Reduce memory load on the system
#   Increase physical memory or swap space
#   Check if swap backing store is full
#   Decrease Java heap size (-Xmx/-Xms)
#   Decrease number of Java threads
#   Decrease Java thread stack sizes (-Xss)
#   Set larger code cache with -XX:ReservedCodeCacheSize=
#   JVM is running with Unscaled Compressed Oops mode in which the Java heap is
#     placed in the first 4GB address space. The Java Heap base address is the
#     maximum limit for the native heap growth. Please use -XX:HeapBaseMinAddress
#     to set the Java Heap base and to place the Java Heap above 4GB virtual address.
# This output file may be truncated or incomplete.
#
#  Out of Memory Error (arena.cpp:189), pid=25552, tid=19516
#
# JRE version: OpenJDK Runtime Environment Temurin-17.0.7+7 (17.0.7+7) (build 17.0.7+7)
# Java VM: OpenJDK 64-Bit Server VM Temurin-17.0.7+7 (17.0.7+7, mixed mode, tiered, compressed oops, compressed class ptrs, g1 gc, windows-amd64)
# No core dump will be written. Minidumps are not enabled by default on client versions of Windows
#

---------------  S U M M A R Y ------------

Command Line: -ea -Dfile.encoding=UTF-8 -XX:+ShowCodeDetailsInExceptionMessages org.testng.remote.RemoteTestNG -serport 56594 -protocol json -d E:\Drive\Automation test\Selenium\SeleniumFrameworkDesign\test-output C:\Users\ADMINI~1\AppData\Local\Temp\testng-eclipse--1086782385\testng-customsuite.xml

Host: Intel(R) Core(TM) i3-1005G1 CPU @ 1.20GHz, 4 cores, 7G,  Windows 11 , 64 bit Build 22621 (10.0.22621.1778)
Time: Mon Sep 11 15:23:55 2023 SE Asia Standard Time elapsed time: 2.423780 seconds (0d 0h 0m 2s)

---------------  T H R E A D  ---------------

Current thread (0x0000023734d2e090):  JavaThread "C2 CompilerThread0" daemon [_thread_in_native, id=19516, stack(0x000000527fb00000,0x000000527fc00000)]


Current CompileTask:
C2:   2424 1208       4       jdk.internal.org.objectweb.asm.Frame::execute (2305 bytes)

Stack: [0x000000527fb00000,0x000000527fc00000]
Native frames: (J=compiled Java code, j=interpreted, Vv=VM code, C=native code)
V  [jvm.dll+0x67754a]
V  [jvm.dll+0x834304]
V  [jvm.dll+0x835aae]
V  [jvm.dll+0x836113]
V  [jvm.dll+0x24696f]
V  [jvm.dll+0xac0ac]
V  [jvm.dll+0xac67c]
V  [jvm.dll+0x2ae12c]
V  [jvm.dll+0x580067]
V  [jvm.dll+0x221e72]
V  [jvm.dll+0x21b039]
V  [jvm.dll+0x21895b]
V  [jvm.dll+0x1a4d8d]
V  [jvm.dll+0x2284da]
V  [jvm.dll+0x226615]
V  [jvm.dll+0x7ea90b]
V  [jvm.dll+0x7e4e7a]
V  [jvm.dll+0x676395]
C  [ucrtbase.dll+0x29363]
C  [KERNEL32.DLL+0x126ad]
C  [ntdll.dll+0x5a9f8]


---------------  P R O C E S S  ---------------

Threads class SMR info:
_java_thread_list=0x0000023739fc1ec0, length=14, elements={
0x000002371b72dbe0, 0x00000237390112f0, 0x00000237390128c0, 0x0000023734d2b5f0,
0x0000023734d2bfa0, 0x0000023734d2c950, 0x0000023734d2d300, 0x0000023734d2e090,
0x00000237390a0240, 0x00000237390a2f00, 0x00000237391b3390, 0x00000237391ce9f0,
0x00000237396bf310, 0x000002373974c660
}

Java Threads: ( => current thread )
  0x000002371b72dbe0 JavaThread "main" [_thread_in_vm, id=27456, stack(0x000000527ee00000,0x000000527ef00000)]
  0x00000237390112f0 JavaThread "Reference Handler" daemon [_thread_blocked, id=27592, stack(0x000000527f500000,0x000000527f600000)]
  0x00000237390128c0 JavaThread "Finalizer" daemon [_thread_blocked, id=27556, stack(0x000000527f600000,0x000000527f700000)]
  0x0000023734d2b5f0 JavaThread "Signal Dispatcher" daemon [_thread_blocked, id=27584, stack(0x000000527f700000,0x000000527f800000)]
  0x0000023734d2bfa0 JavaThread "Attach Listener" daemon [_thread_blocked, id=24676, stack(0x000000527f800000,0x000000527f900000)]
  0x0000023734d2c950 JavaThread "Service Thread" daemon [_thread_blocked, id=18088, stack(0x000000527f900000,0x000000527fa00000)]
  0x0000023734d2d300 JavaThread "Monitor Deflation Thread" daemon [_thread_blocked, id=27316, stack(0x000000527fa00000,0x000000527fb00000)]
=>0x0000023734d2e090 JavaThread "C2 CompilerThread0" daemon [_thread_in_native, id=19516, stack(0x000000527fb00000,0x000000527fc00000)]
  0x00000237390a0240 JavaThread "C1 CompilerThread0" daemon [_thread_blocked, id=26336, stack(0x000000527fc00000,0x000000527fd00000)]
  0x00000237390a2f00 JavaThread "Sweeper thread" daemon [_thread_blocked, id=24648, stack(0x000000527fd00000,0x000000527fe00000)]
  0x00000237391b3390 JavaThread "Notification Thread" daemon [_thread_blocked, id=14624, stack(0x000000527fe00000,0x000000527ff00000)]
  0x00000237391ce9f0 JavaThread "Common-Cleaner" daemon [_thread_blocked, id=24420, stack(0x0000005200000000,0x0000005200100000)]
  0x00000237396bf310 JavaThread "C2 CompilerThread1" daemon [_thread_blocked, id=1152, stack(0x0000005200100000,0x0000005200200000)]
  0x000002373974c660 JavaThread "ReaderThread" [_thread_in_native, id=21488, stack(0x0000005200600000,0x0000005200700000)]

Other Threads:
  0x0000023734cff9a0 VMThread "VM Thread" [stack: 0x000000527f400000,0x000000527f500000] [id=26276]
  0x00000237391b5870 WatcherThread [stack: 0x000000527ff00000,0x0000005280000000] [id=27168]
  0x000002371b7896b0 GCTaskThread "GC Thread#0" [stack: 0x000000527ef00000,0x000000527f000000] [id=24920]
  0x000002373a7545f0 GCTaskThread "GC Thread#1" [stack: 0x0000005200200000,0x0000005200300000] [id=25792]
  0x000002373a5e2790 GCTaskThread "GC Thread#2" [stack: 0x0000005200300000,0x0000005200400000] [id=25604]
  0x000002373a4b7fb0 GCTaskThread "GC Thread#3" [stack: 0x0000005200400000,0x0000005200500000] [id=23268]
  0x000002371b799f30 ConcurrentGCThread "G1 Main Marker" [stack: 0x000000527f000000,0x000000527f100000] [id=26784]
  0x000002371b79a940 ConcurrentGCThread "G1 Conc#0" [stack: 0x000000527f100000,0x000000527f200000] [id=27568]
  0x0000023734b624c0 ConcurrentGCThread "G1 Refine#0" [stack: 0x000000527f200000,0x000000527f300000] [id=27572]
  0x0000023734b62df0 ConcurrentGCThread "G1 Service" [stack: 0x000000527f300000,0x000000527f400000] [id=12436]

Threads with active compile tasks:
C2 CompilerThread0     2489 1208       4       jdk.internal.org.objectweb.asm.Frame::execute (2305 bytes)

VM state: not at safepoint (normal execution)

VM Mutex/Monitor currently owned by a thread:  ([mutex/lock_event])
[0x000002371b728c00] Metaspace_lock - owner thread: 0x000002371b72dbe0

Heap address: 0x0000000083600000, size: 1994 MB, Compressed Oops mode: 32-bit

CDS archive(s) not mapped
Compressed class space mapped at: 0x0000000100000000-0x0000000140000000, reserved size: 1073741824
Narrow klass base: 0x0000000000000000, Narrow klass shift: 3, Narrow klass range: 0x140000000

GC Precious Log:
 CPUs: 4 total, 4 available
 Memory: 7969M
 Large Page Support: Disabled
 NUMA Support: Disabled
 Compressed Oops: Enabled (32-bit)
 Heap Region Size: 1M
 Heap Min Capacity: 8M
 Heap Initial Capacity: 126M
 Heap Max Capacity: 1994M
 Pre-touch: Disabled
 Parallel Workers: 4
 Concurrent Workers: 1
 Concurrent Refinement Workers: 4
 Periodic GC: Disabled

Heap:
 garbage-first heap   total 129024K, used 16448K [0x0000000083600000, 0x0000000100000000)
  region size 1024K, 13 young (13312K), 2 survivors (2048K)
 Metaspace       used 14334K, committed 14464K, reserved 1114112K
  class space    used 1411K, committed 1472K, reserved 1048576K

Heap Regions: E=young(eden), S=young(survivor), O=old, HS=humongous(starts), HC=humongous(continues), CS=collection set, F=free, OA=open archive, CA=closed archive, TAMS=top-at-mark-start (previous, next)
|   0|0x0000000083600000, 0x0000000083700000, 0x0000000083700000|100%|HS|  |TAMS 0x0000000083600000, 0x0000000083600000| Complete 
|   1|0x0000000083700000, 0x0000000083700000, 0x0000000083800000|  0%| F|  |TAMS 0x0000000083700000, 0x0000000083700000| Untracked 
|   2|0x0000000083800000, 0x0000000083900000, 0x0000000083900000|100%| O|  |TAMS 0x0000000083800000, 0x0000000083800000| Untracked 
|   3|0x0000000083900000, 0x0000000083a00000, 0x0000000083a00000|100%| O|  |TAMS 0x0000000083900000, 0x0000000083900000| Untracked 
|   4|0x0000000083a00000, 0x0000000083b00000, 0x0000000083b00000|100%| O|  |TAMS 0x0000000083a00000, 0x0000000083a00000| Untracked 
|   5|0x0000000083b00000, 0x0000000083b10000, 0x0000000083c00000|  6%| O|  |TAMS 0x0000000083b00000, 0x0000000083b00000| Untracked 
|   6|0x0000000083c00000, 0x0000000083c00000, 0x0000000083d00000|  0%| F|  |TAMS 0x0000000083c00000, 0x0000000083c00000| Untracked 
|   7|0x0000000083d00000, 0x0000000083d00000, 0x0000000083e00000|  0%| F|  |TAMS 0x0000000083d00000, 0x0000000083d00000| Untracked 
|   8|0x0000000083e00000, 0x0000000083e00000, 0x0000000083f00000|  0%| F|  |TAMS 0x0000000083e00000, 0x0000000083e00000| Untracked 
|   9|0x0000000083f00000, 0x0000000083f00000, 0x0000000084000000|  0%| F|  |TAMS 0x0000000083f00000, 0x0000000083f00000| Untracked 
|  10|0x0000000084000000, 0x0000000084000000, 0x0000000084100000|  0%| F|  |TAMS 0x0000000084000000, 0x0000000084000000| Untracked 
|  11|0x0000000084100000, 0x0000000084100000, 0x0000000084200000|  0%| F|  |TAMS 0x0000000084100000, 0x0000000084100000| Untracked 
|  12|0x0000000084200000, 0x0000000084200000, 0x0000000084300000|  0%| F|  |TAMS 0x0000000084200000, 0x0000000084200000| Untracked 
|  13|0x0000000084300000, 0x0000000084300000, 0x0000000084400000|  0%| F|  |TAMS 0x0000000084300000, 0x0000000084300000| Untracked 
|  14|0x0000000084400000, 0x0000000084400000, 0x0000000084500000|  0%| F|  |TAMS 0x0000000084400000, 0x0000000084400000| Untracked 
|  15|0x0000000084500000, 0x0000000084500000, 0x0000000084600000|  0%| F|  |TAMS 0x0000000084500000, 0x0000000084500000| Untracked 
|  16|0x0000000084600000, 0x0000000084600000, 0x0000000084700000|  0%| F|  |TAMS 0x0000000084600000, 0x0000000084600000| Untracked 
|  17|0x0000000084700000, 0x0000000084700000, 0x0000000084800000|  0%| F|  |TAMS 0x0000000084700000, 0x0000000084700000| Untracked 
|  18|0x0000000084800000, 0x0000000084800000, 0x0000000084900000|  0%| F|  |TAMS 0x0000000084800000, 0x0000000084800000| Untracked 
|  19|0x0000000084900000, 0x0000000084900000, 0x0000000084a00000|  0%| F|  |TAMS 0x0000000084900000, 0x0000000084900000| Untracked 
|  20|0x0000000084a00000, 0x0000000084a00000, 0x0000000084b00000|  0%| F|  |TAMS 0x0000000084a00000, 0x0000000084a00000| Untracked 
|  21|0x0000000084b00000, 0x0000000084b00000, 0x0000000084c00000|  0%| F|  |TAMS 0x0000000084b00000, 0x0000000084b00000| Untracked 
|  22|0x0000000084c00000, 0x0000000084c00000, 0x0000000084d00000|  0%| F|  |TAMS 0x0000000084c00000, 0x0000000084c00000| Untracked 
|  23|0x0000000084d00000, 0x0000000084d00000, 0x0000000084e00000|  0%| F|  |TAMS 0x0000000084d00000, 0x0000000084d00000| Untracked 
|  24|0x0000000084e00000, 0x0000000084e00000, 0x0000000084f00000|  0%| F|  |TAMS 0x0000000084e00000, 0x0000000084e00000| Untracked 
|  25|0x0000000084f00000, 0x0000000084f00000, 0x0000000085000000|  0%| F|  |TAMS 0x0000000084f00000, 0x0000000084f00000| Untracked 
|  26|0x0000000085000000, 0x0000000085000000, 0x0000000085100000|  0%| F|  |TAMS 0x0000000085000000, 0x0000000085000000| Untracked 
|  27|0x0000000085100000, 0x0000000085100000, 0x0000000085200000|  0%| F|  |TAMS 0x0000000085100000, 0x0000000085100000| Untracked 
|  28|0x0000000085200000, 0x0000000085200000, 0x0000000085300000|  0%| F|  |TAMS 0x0000000085200000, 0x0000000085200000| Untracked 
|  29|0x0000000085300000, 0x0000000085300000, 0x0000000085400000|  0%| F|  |TAMS 0x0000000085300000, 0x0000000085300000| Untracked 
|  30|0x0000000085400000, 0x0000000085400000, 0x0000000085500000|  0%| F|  |TAMS 0x0000000085400000, 0x0000000085400000| Untracked 
|  31|0x0000000085500000, 0x0000000085500000, 0x0000000085600000|  0%| F|  |TAMS 0x0000000085500000, 0x0000000085500000| Untracked 
|  32|0x0000000085600000, 0x0000000085600000, 0x0000000085700000|  0%| F|  |TAMS 0x0000000085600000, 0x0000000085600000| Untracked 
|  33|0x0000000085700000, 0x0000000085700000, 0x0000000085800000|  0%| F|  |TAMS 0x0000000085700000, 0x0000000085700000| Untracked 
|  34|0x0000000085800000, 0x0000000085800000, 0x0000000085900000|  0%| F|  |TAMS 0x0000000085800000, 0x0000000085800000| Untracked 
|  35|0x0000000085900000, 0x0000000085900000, 0x0000000085a00000|  0%| F|  |TAMS 0x0000000085900000, 0x0000000085900000| Untracked 
|  36|0x0000000085a00000, 0x0000000085a00000, 0x0000000085b00000|  0%| F|  |TAMS 0x0000000085a00000, 0x0000000085a00000| Untracked 
|  37|0x0000000085b00000, 0x0000000085b00000, 0x0000000085c00000|  0%| F|  |TAMS 0x0000000085b00000, 0x0000000085b00000| Untracked 
|  38|0x0000000085c00000, 0x0000000085c00000, 0x0000000085d00000|  0%| F|  |TAMS 0x0000000085c00000, 0x0000000085c00000| Untracked 
|  39|0x0000000085d00000, 0x0000000085d00000, 0x0000000085e00000|  0%| F|  |TAMS 0x0000000085d00000, 0x0000000085d00000| Untracked 
|  40|0x0000000085e00000, 0x0000000085e00000, 0x0000000085f00000|  0%| F|  |TAMS 0x0000000085e00000, 0x0000000085e00000| Untracked 
|  41|0x0000000085f00000, 0x0000000085f00000, 0x0000000086000000|  0%| F|  |TAMS 0x0000000085f00000, 0x0000000085f00000| Untracked 
|  42|0x0000000086000000, 0x0000000086000000, 0x0000000086100000|  0%| F|  |TAMS 0x0000000086000000, 0x0000000086000000| Untracked 
|  43|0x0000000086100000, 0x0000000086100000, 0x0000000086200000|  0%| F|  |TAMS 0x0000000086100000, 0x0000000086100000| Untracked 
|  44|0x0000000086200000, 0x0000000086200000, 0x0000000086300000|  0%| F|  |TAMS 0x0000000086200000, 0x0000000086200000| Untracked 
|  45|0x0000000086300000, 0x0000000086300000, 0x0000000086400000|  0%| F|  |TAMS 0x0000000086300000, 0x0000000086300000| Untracked 
|  46|0x0000000086400000, 0x0000000086400000, 0x0000000086500000|  0%| F|  |TAMS 0x0000000086400000, 0x0000000086400000| Untracked 
|  47|0x0000000086500000, 0x0000000086500000, 0x0000000086600000|  0%| F|  |TAMS 0x0000000086500000, 0x0000000086500000| Untracked 
|  48|0x0000000086600000, 0x0000000086600000, 0x0000000086700000|  0%| F|  |TAMS 0x0000000086600000, 0x0000000086600000| Untracked 
|  49|0x0000000086700000, 0x0000000086700000, 0x0000000086800000|  0%| F|  |TAMS 0x0000000086700000, 0x0000000086700000| Untracked 
|  50|0x0000000086800000, 0x0000000086800000, 0x0000000086900000|  0%| F|  |TAMS 0x0000000086800000, 0x0000000086800000| Untracked 
|  51|0x0000000086900000, 0x0000000086900000, 0x0000000086a00000|  0%| F|  |TAMS 0x0000000086900000, 0x0000000086900000| Untracked 
|  52|0x0000000086a00000, 0x0000000086a00000, 0x0000000086b00000|  0%| F|  |TAMS 0x0000000086a00000, 0x0000000086a00000| Untracked 
|  53|0x0000000086b00000, 0x0000000086b00000, 0x0000000086c00000|  0%| F|  |TAMS 0x0000000086b00000, 0x0000000086b00000| Untracked 
|  54|0x0000000086c00000, 0x0000000086c00000, 0x0000000086d00000|  0%| F|  |TAMS 0x0000000086c00000, 0x0000000086c00000| Untracked 
|  55|0x0000000086d00000, 0x0000000086d00000, 0x0000000086e00000|  0%| F|  |TAMS 0x0000000086d00000, 0x0000000086d00000| Untracked 
|  56|0x0000000086e00000, 0x0000000086e00000, 0x0000000086f00000|  0%| F|  |TAMS 0x0000000086e00000, 0x0000000086e00000| Untracked 
|  57|0x0000000086f00000, 0x0000000086f00000, 0x0000000087000000|  0%| F|  |TAMS 0x0000000086f00000, 0x0000000086f00000| Untracked 
|  58|0x0000000087000000, 0x0000000087000000, 0x0000000087100000|  0%| F|  |TAMS 0x0000000087000000, 0x0000000087000000| Untracked 
|  59|0x0000000087100000, 0x0000000087100000, 0x0000000087200000|  0%| F|  |TAMS 0x0000000087100000, 0x0000000087100000| Untracked 
|  60|0x0000000087200000, 0x0000000087200000, 0x0000000087300000|  0%| F|  |TAMS 0x0000000087200000, 0x0000000087200000| Untracked 
|  61|0x0000000087300000, 0x0000000087300000, 0x0000000087400000|  0%| F|  |TAMS 0x0000000087300000, 0x0000000087300000| Untracked 
|  62|0x0000000087400000, 0x0000000087400000, 0x0000000087500000|  0%| F|  |TAMS 0x0000000087400000, 0x0000000087400000| Untracked 
|  63|0x0000000087500000, 0x0000000087500000, 0x0000000087600000|  0%| F|  |TAMS 0x0000000087500000, 0x0000000087500000| Untracked 
|  64|0x0000000087600000, 0x0000000087600000, 0x0000000087700000|  0%| F|  |TAMS 0x0000000087600000, 0x0000000087600000| Untracked 
|  65|0x0000000087700000, 0x0000000087700000, 0x0000000087800000|  0%| F|  |TAMS 0x0000000087700000, 0x0000000087700000| Untracked 
|  66|0x0000000087800000, 0x0000000087800000, 0x0000000087900000|  0%| F|  |TAMS 0x0000000087800000, 0x0000000087800000| Untracked 
|  67|0x0000000087900000, 0x0000000087900000, 0x0000000087a00000|  0%| F|  |TAMS 0x0000000087900000, 0x0000000087900000| Untracked 
|  68|0x0000000087a00000, 0x0000000087a00000, 0x0000000087b00000|  0%| F|  |TAMS 0x0000000087a00000, 0x0000000087a00000| Untracked 
|  69|0x0000000087b00000, 0x0000000087b00000, 0x0000000087c00000|  0%| F|  |TAMS 0x0000000087b00000, 0x0000000087b00000| Untracked 
|  70|0x0000000087c00000, 0x0000000087c00000, 0x0000000087d00000|  0%| F|  |TAMS 0x0000000087c00000, 0x0000000087c00000| Untracked 
|  71|0x0000000087d00000, 0x0000000087d00000, 0x0000000087e00000|  0%| F|  |TAMS 0x0000000087d00000, 0x0000000087d00000| Untracked 
|  72|0x0000000087e00000, 0x0000000087e00000, 0x0000000087f00000|  0%| F|  |TAMS 0x0000000087e00000, 0x0000000087e00000| Untracked 
|  73|0x0000000087f00000, 0x0000000087f00000, 0x0000000088000000|  0%| F|  |TAMS 0x0000000087f00000, 0x0000000087f00000| Untracked 
|  74|0x0000000088000000, 0x0000000088000000, 0x0000000088100000|  0%| F|  |TAMS 0x0000000088000000, 0x0000000088000000| Untracked 
|  75|0x0000000088100000, 0x0000000088100000, 0x0000000088200000|  0%| F|  |TAMS 0x0000000088100000, 0x0000000088100000| Untracked 
|  76|0x0000000088200000, 0x0000000088200000, 0x0000000088300000|  0%| F|  |TAMS 0x0000000088200000, 0x0000000088200000| Untracked 
|  77|0x0000000088300000, 0x0000000088300000, 0x0000000088400000|  0%| F|  |TAMS 0x0000000088300000, 0x0000000088300000| Untracked 
|  78|0x0000000088400000, 0x0000000088400000, 0x0000000088500000|  0%| F|  |TAMS 0x0000000088400000, 0x0000000088400000| Untracked 
|  79|0x0000000088500000, 0x0000000088500000, 0x0000000088600000|  0%| F|  |TAMS 0x0000000088500000, 0x0000000088500000| Untracked 
|  80|0x0000000088600000, 0x0000000088600000, 0x0000000088700000|  0%| F|  |TAMS 0x0000000088600000, 0x0000000088600000| Untracked 
|  81|0x0000000088700000, 0x0000000088700000, 0x0000000088800000|  0%| F|  |TAMS 0x0000000088700000, 0x0000000088700000| Untracked 
|  82|0x0000000088800000, 0x0000000088800000, 0x0000000088900000|  0%| F|  |TAMS 0x0000000088800000, 0x0000000088800000| Untracked 
|  83|0x0000000088900000, 0x0000000088900000, 0x0000000088a00000|  0%| F|  |TAMS 0x0000000088900000, 0x0000000088900000| Untracked 
|  84|0x0000000088a00000, 0x0000000088a00000, 0x0000000088b00000|  0%| F|  |TAMS 0x0000000088a00000, 0x0000000088a00000| Untracked 
|  85|0x0000000088b00000, 0x0000000088b00000, 0x0000000088c00000|  0%| F|  |TAMS 0x0000000088b00000, 0x0000000088b00000| Untracked 
|  86|0x0000000088c00000, 0x0000000088c00000, 0x0000000088d00000|  0%| F|  |TAMS 0x0000000088c00000, 0x0000000088c00000| Untracked 
|  87|0x0000000088d00000, 0x0000000088d00000, 0x0000000088e00000|  0%| F|  |TAMS 0x0000000088d00000, 0x0000000088d00000| Untracked 
|  88|0x0000000088e00000, 0x0000000088e00000, 0x0000000088f00000|  0%| F|  |TAMS 0x0000000088e00000, 0x0000000088e00000| Untracked 
|  89|0x0000000088f00000, 0x0000000088f00000, 0x0000000089000000|  0%| F|  |TAMS 0x0000000088f00000, 0x0000000088f00000| Untracked 
|  90|0x0000000089000000, 0x0000000089000000, 0x0000000089100000|  0%| F|  |TAMS 0x0000000089000000, 0x0000000089000000| Untracked 
|  91|0x0000000089100000, 0x0000000089100000, 0x0000000089200000|  0%| F|  |TAMS 0x0000000089100000, 0x0000000089100000| Untracked 
|  92|0x0000000089200000, 0x0000000089200000, 0x0000000089300000|  0%| F|  |TAMS 0x0000000089200000, 0x0000000089200000| Untracked 
|  93|0x0000000089300000, 0x0000000089300000, 0x0000000089400000|  0%| F|  |TAMS 0x0000000089300000, 0x0000000089300000| Untracked 
|  94|0x0000000089400000, 0x0000000089400000, 0x0000000089500000|  0%| F|  |TAMS 0x0000000089400000, 0x0000000089400000| Untracked 
|  95|0x0000000089500000, 0x0000000089500000, 0x0000000089600000|  0%| F|  |TAMS 0x0000000089500000, 0x0000000089500000| Untracked 
|  96|0x0000000089600000, 0x0000000089600000, 0x0000000089700000|  0%| F|  |TAMS 0x0000000089600000, 0x0000000089600000| Untracked 
|  97|0x0000000089700000, 0x0000000089700000, 0x0000000089800000|  0%| F|  |TAMS 0x0000000089700000, 0x0000000089700000| Untracked 
|  98|0x0000000089800000, 0x0000000089800000, 0x0000000089900000|  0%| F|  |TAMS 0x0000000089800000, 0x0000000089800000| Untracked 
|  99|0x0000000089900000, 0x0000000089900000, 0x0000000089a00000|  0%| F|  |TAMS 0x0000000089900000, 0x0000000089900000| Untracked 
| 100|0x0000000089a00000, 0x0000000089a00000, 0x0000000089b00000|  0%| F|  |TAMS 0x0000000089a00000, 0x0000000089a00000| Untracked 
| 101|0x0000000089b00000, 0x0000000089b00000, 0x0000000089c00000|  0%| F|  |TAMS 0x0000000089b00000, 0x0000000089b00000| Untracked 
| 102|0x0000000089c00000, 0x0000000089c00000, 0x0000000089d00000|  0%| F|  |TAMS 0x0000000089c00000, 0x0000000089c00000| Untracked 
| 103|0x0000000089d00000, 0x0000000089d00000, 0x0000000089e00000|  0%| F|  |TAMS 0x0000000089d00000, 0x0000000089d00000| Untracked 
| 104|0x0000000089e00000, 0x0000000089e00000, 0x0000000089f00000|  0%| F|  |TAMS 0x0000000089e00000, 0x0000000089e00000| Untracked 
| 105|0x0000000089f00000, 0x0000000089f00000, 0x000000008a000000|  0%| F|  |TAMS 0x0000000089f00000, 0x0000000089f00000| Untracked 
| 106|0x000000008a000000, 0x000000008a000000, 0x000000008a100000|  0%| F|  |TAMS 0x000000008a000000, 0x000000008a000000| Untracked 
| 107|0x000000008a100000, 0x000000008a100000, 0x000000008a200000|  0%| F|  |TAMS 0x000000008a100000, 0x000000008a100000| Untracked 
| 108|0x000000008a200000, 0x000000008a200000, 0x000000008a300000|  0%| F|  |TAMS 0x000000008a200000, 0x000000008a200000| Untracked 
| 109|0x000000008a300000, 0x000000008a300000, 0x000000008a400000|  0%| F|  |TAMS 0x000000008a300000, 0x000000008a300000| Untracked 
| 110|0x000000008a400000, 0x000000008a400000, 0x000000008a500000|  0%| F|  |TAMS 0x000000008a400000, 0x000000008a400000| Untracked 
| 111|0x000000008a500000, 0x000000008a600000, 0x000000008a600000|100%| S|CS|TAMS 0x000000008a500000, 0x000000008a500000| Complete 
| 112|0x000000008a600000, 0x000000008a700000, 0x000000008a700000|100%| S|CS|TAMS 0x000000008a600000, 0x000000008a600000| Complete 
| 113|0x000000008a700000, 0x000000008a700000, 0x000000008a800000|  0%| F|  |TAMS 0x000000008a700000, 0x000000008a700000| Untracked 
| 114|0x000000008a800000, 0x000000008a800000, 0x000000008a900000|  0%| F|  |TAMS 0x000000008a800000, 0x000000008a800000| Untracked 
| 115|0x000000008a900000, 0x000000008a9f6950, 0x000000008aa00000| 96%| E|  |TAMS 0x000000008a900000, 0x000000008a900000| Complete 
| 116|0x000000008aa00000, 0x000000008ab00000, 0x000000008ab00000|100%| E|CS|TAMS 0x000000008aa00000, 0x000000008aa00000| Complete 
| 117|0x000000008ab00000, 0x000000008ac00000, 0x000000008ac00000|100%| E|CS|TAMS 0x000000008ab00000, 0x000000008ab00000| Complete 
| 118|0x000000008ac00000, 0x000000008ad00000, 0x000000008ad00000|100%| E|CS|TAMS 0x000000008ac00000, 0x000000008ac00000| Complete 
| 119|0x000000008ad00000, 0x000000008ae00000, 0x000000008ae00000|100%| E|CS|TAMS 0x000000008ad00000, 0x000000008ad00000| Complete 
| 120|0x000000008ae00000, 0x000000008af00000, 0x000000008af00000|100%| E|CS|TAMS 0x000000008ae00000, 0x000000008ae00000| Complete 
| 121|0x000000008af00000, 0x000000008b000000, 0x000000008b000000|100%| E|CS|TAMS 0x000000008af00000, 0x000000008af00000| Complete 
| 122|0x000000008b000000, 0x000000008b100000, 0x000000008b100000|100%| E|CS|TAMS 0x000000008b000000, 0x000000008b000000| Complete 
| 123|0x000000008b100000, 0x000000008b200000, 0x000000008b200000|100%| E|CS|TAMS 0x000000008b100000, 0x000000008b100000| Complete 
| 124|0x000000008b200000, 0x000000008b300000, 0x000000008b300000|100%| E|CS|TAMS 0x000000008b200000, 0x000000008b200000| Complete 
| 125|0x000000008b300000, 0x000000008b400000, 0x000000008b400000|100%| E|CS|TAMS 0x000000008b300000, 0x000000008b300000| Complete 

Card table byte_map: [0x000002372e1c0000,0x000002372e5b0000] _byte_map_base: 0x000002372dda5000

Marking Bits (Prev, Next): (CMBitMap*) 0x000002371b789cc0, (CMBitMap*) 0x000002371b789d00
 Prev Bits: [0x000002372e9a0000, 0x00000237308c8000)
 Next Bits: [0x00000237308d0000, 0x00000237327f8000)

Polling page: 0x000002371aee0000

Metaspace:

Usage:
  Non-class:     12.62 MB used.
      Class:      1.38 MB used.
       Both:     14.00 MB used.

Virtual space:
  Non-class space:       64.00 MB reserved,      12.69 MB ( 20%) committed,  1 nodes.
      Class space:        1.00 GB reserved,       1.44 MB ( <1%) committed,  1 nodes.
             Both:        1.06 GB reserved,      14.12 MB (  1%) committed. 

Chunk freelists:
   Non-Class:  2.64 MB
       Class:  14.51 MB
        Both:  17.15 MB

MaxMetaspaceSize: unlimited
CompressedClassSpaceSize: 1.00 GB
Initial GC threshold: 21.00 MB
Current GC threshold: 21.00 MB
CDS: off
MetaspaceReclaimPolicy: balanced
 - commit_granule_bytes: 65536.
 - commit_granule_words: 8192.
 - virtual_space_node_default_size: 8388608.
 - enlarge_chunks_in_place: 1.
 - new_chunks_are_fully_committed: 0.
 - uncommit_free_chunks: 1.
 - use_allocation_guard: 0.
 - handle_deallocations: 1.


Internal statistics:

num_allocs_failed_limit: 0.
num_arena_births: 158.
num_arena_deaths: 0.
num_vsnodes_births: 2.
num_vsnodes_deaths: 0.
num_space_committed: 226.
num_space_uncommitted: 0.
num_chunks_returned_to_freelist: 0.
num_chunks_taken_from_freelist: 331.
num_chunk_merges: 0.
num_chunk_splits: 199.
num_chunks_enlarged: 129.
num_inconsistent_stats: 0.

CodeHeap 'non-profiled nmethods': size=120000Kb used=540Kb max_used=540Kb free=119459Kb
 bounds [0x00000237268a0000, 0x0000023726b10000, 0x000002372ddd0000]
CodeHeap 'profiled nmethods': size=120000Kb used=2402Kb max_used=2402Kb free=117597Kb
 bounds [0x000002371edd0000, 0x000002371f040000, 0x0000023726300000]
CodeHeap 'non-nmethods': size=5760Kb used=1172Kb max_used=1198Kb free=4587Kb
 bounds [0x0000023726300000, 0x0000023726570000, 0x00000237268a0000]
 total_blobs=1728 nmethods=1274 adapters=367
 compilation: enabled
              stopped_count=0, restarted_count=0
 full_count=0

Compilation events (20 events):
Event: 2.408 Thread 0x00000237390a0240 1232       1       java.util.stream.ReferencePipeline$StatelessOp::opIsStateful (2 bytes)
Event: 2.409 Thread 0x00000237390a0240 nmethod 1232 0x0000023726924510 code [0x00000237269246a0, 0x0000023726924778]
Event: 2.409 Thread 0x00000237390a0240 1233       3       java.util.stream.PipelineHelper::<init> (5 bytes)
Event: 2.409 Thread 0x00000237390a0240 nmethod 1233 0x000002371f014790 code [0x000002371f014920, 0x000002371f014a78]
Event: 2.409 Thread 0x00000237390a0240 1234       3       java.lang.String::valueOf (39 bytes)
Event: 2.409 Thread 0x00000237390a0240 nmethod 1234 0x000002371f014b10 code [0x000002371f014d00, 0x000002371f0153f8]
Event: 2.409 Thread 0x00000237390a0240 1235       3       java.lang.StringLatin1::toBytes (9 bytes)
Event: 2.410 Thread 0x00000237390a0240 nmethod 1235 0x000002371f015610 code [0x000002371f0157a0, 0x000002371f015938]
Event: 2.410 Thread 0x00000237390a0240 1236       3       sun.reflect.annotation.AnnotationInvocationHandler::quote (140 bytes)
Event: 2.410 Thread 0x00000237390a0240 nmethod 1236 0x000002371f015a10 code [0x000002371f015d00, 0x000002371f016db8]
Event: 2.410 Thread 0x00000237390a0240 1237       3       jdk.internal.reflect.MagicAccessorImpl::<init> (5 bytes)
Event: 2.411 Thread 0x00000237390a0240 nmethod 1237 0x000002371f017210 code [0x000002371f0173a0, 0x000002371f0174f8]
Event: 2.411 Thread 0x00000237390a0240 1238       3       java.lang.invoke.MethodHandles$Lookup::checkSecurityManager (97 bytes)
Event: 2.412 Thread 0x00000237390a0240 nmethod 1238 0x000002371f017590 code [0x000002371f0178a0, 0x000002371f0188b8]
Event: 2.413 Thread 0x00000237390a0240 1239       1       java.util.stream.AbstractPipeline::getStreamAndOpFlags (5 bytes)
Event: 2.413 Thread 0x00000237390a0240 nmethod 1239 0x0000023726924810 code [0x00000237269249a0, 0x0000023726924a78]
Event: 2.414 Thread 0x00000237390a0240 1240       3       java.lang.invoke.AbstractValidatingLambdaMetafactory::isAdaptableTo (126 bytes)
Event: 2.415 Thread 0x00000237390a0240 nmethod 1240 0x000002371f018e10 code [0x000002371f0190a0, 0x000002371f019ae8]
Event: 2.415 Thread 0x00000237390a0240 1241       3       java.lang.invoke.InnerClassLambdaMetafactory::getOpcodeOffset (38 bytes)
Event: 2.415 Thread 0x00000237390a0240 nmethod 1241 0x000002371f019e90 code [0x000002371f01a060, 0x000002371f01a338]

GC Heap History (2 events):
Event: 1.626 GC heap before
{Heap before GC invocations=0 (full 0):
 garbage-first heap   total 129024K, used 14336K [0x0000000083600000, 0x0000000100000000)
  region size 1024K, 13 young (13312K), 0 survivors (0K)
 Metaspace       used 8560K, committed 8704K, reserved 1114112K
  class space    used 753K, committed 832K, reserved 1048576K
}
Event: 1.651 GC heap after
{Heap after GC invocations=1 (full 0):
 garbage-first heap   total 129024K, used 6208K [0x0000000083600000, 0x0000000100000000)
  region size 1024K, 2 young (2048K), 2 survivors (2048K)
 Metaspace       used 8560K, committed 8704K, reserved 1114112K
  class space    used 753K, committed 832K, reserved 1048576K
}

Dll operation events (5 events):
Event: 0.023 Loaded shared library E:\Drive\Automation test\Selenium\eclipse-java-2023-06-R-win32-x86_64\eclipse\plugins\org.eclipse.justj.openjdk.hotspot.jre.full.win32.x86_64_17.0.7.v20230425-1502\jre\bin\java.dll
Event: 0.712 Loaded shared library E:\Drive\Automation test\Selenium\eclipse-java-2023-06-R-win32-x86_64\eclipse\plugins\org.eclipse.justj.openjdk.hotspot.jre.full.win32.x86_64_17.0.7.v20230425-1502\jre\bin\net.dll
Event: 0.718 Loaded shared library E:\Drive\Automation test\Selenium\eclipse-java-2023-06-R-win32-x86_64\eclipse\plugins\org.eclipse.justj.openjdk.hotspot.jre.full.win32.x86_64_17.0.7.v20230425-1502\jre\bin\nio.dll
Event: 0.738 Loaded shared library E:\Drive\Automation test\Selenium\eclipse-java-2023-06-R-win32-x86_64\eclipse\plugins\org.eclipse.justj.openjdk.hotspot.jre.full.win32.x86_64_17.0.7.v20230425-1502\jre\bin\zip.dll
Event: 1.310 Loaded shared library E:\Drive\Automation test\Selenium\eclipse-java-2023-06-R-win32-x86_64\eclipse\plugins\org.eclipse.justj.openjdk.hotspot.jre.full.win32.x86_64_17.0.7.v20230425-1502\jre\bin\jimage.dll

Deoptimization events (20 events):
Event: 2.139 Thread 0x000002371b72dbe0 Uncommon trap: trap_request=0xffffffde fr.pc=0x00000237268ed834 relative=0x00000000000003f4
Event: 2.139 Thread 0x000002371b72dbe0 Uncommon trap: reason=class_check action=maybe_recompile pc=0x00000237268ed834 method=java.util.HashMap.getNode(Ljava/lang/Object;)Ljava/util/HashMap$Node; @ 128 c2
Event: 2.139 Thread 0x000002371b72dbe0 DEOPT PACKING pc=0x00000237268ed834 sp=0x000000527eefe9f0
Event: 2.139 Thread 0x000002371b72dbe0 DEOPT UNPACKING pc=0x000002372635a1a3 sp=0x000000527eefe968 mode 2
Event: 2.139 Thread 0x000002371b72dbe0 Uncommon trap: trap_request=0xffffffde fr.pc=0x00000237268ed834 relative=0x00000000000003f4
Event: 2.139 Thread 0x000002371b72dbe0 Uncommon trap: reason=class_check action=maybe_recompile pc=0x00000237268ed834 method=java.util.HashMap.getNode(Ljava/lang/Object;)Ljava/util/HashMap$Node; @ 128 c2
Event: 2.139 Thread 0x000002371b72dbe0 DEOPT PACKING pc=0x00000237268ed834 sp=0x000000527eefe9f0
Event: 2.139 Thread 0x000002371b72dbe0 DEOPT UNPACKING pc=0x000002372635a1a3 sp=0x000000527eefe968 mode 2
Event: 2.278 Thread 0x000002371b72dbe0 Uncommon trap: trap_request=0xffffff45 fr.pc=0x00000237268ed6d8 relative=0x0000000000000298
Event: 2.278 Thread 0x000002371b72dbe0 Uncommon trap: reason=unstable_if action=reinterpret pc=0x00000237268ed6d8 method=java.util.HashMap.getNode(Ljava/lang/Object;)Ljava/util/HashMap$Node; @ 66 c2
Event: 2.278 Thread 0x000002371b72dbe0 DEOPT PACKING pc=0x00000237268ed6d8 sp=0x000000527eefe140
Event: 2.279 Thread 0x000002371b72dbe0 DEOPT UNPACKING pc=0x000002372635a1a3 sp=0x000000527eefe0c0 mode 2
Event: 2.286 Thread 0x000002371b72dbe0 Uncommon trap: trap_request=0xffffffde fr.pc=0x00000237268f1fc8 relative=0x0000000000000408
Event: 2.286 Thread 0x000002371b72dbe0 Uncommon trap: reason=class_check action=maybe_recompile pc=0x00000237268f1fc8 method=java.util.HashMap.getNode(Ljava/lang/Object;)Ljava/util/HashMap$Node; @ 128 c2
Event: 2.286 Thread 0x000002371b72dbe0 DEOPT PACKING pc=0x00000237268f1fc8 sp=0x000000527eefe060
Event: 2.286 Thread 0x000002371b72dbe0 DEOPT UNPACKING pc=0x000002372635a1a3 sp=0x000000527eefdf78 mode 2
Event: 2.349 Thread 0x000002371b72dbe0 Uncommon trap: trap_request=0xffffff45 fr.pc=0x00000237268f782c relative=0x000000000000040c
Event: 2.349 Thread 0x000002371b72dbe0 Uncommon trap: reason=unstable_if action=reinterpret pc=0x00000237268f782c method=java.lang.StringLatin1.newString([BII)Ljava/lang/String; @ 1 c2
Event: 2.349 Thread 0x000002371b72dbe0 DEOPT PACKING pc=0x00000237268f782c sp=0x000000527eefdf30
Event: 2.349 Thread 0x000002371b72dbe0 DEOPT UNPACKING pc=0x000002372635a1a3 sp=0x000000527eefdea0 mode 2

Classes unloaded (0 events):
No events

Classes redefined (0 events):
No events

Internal exceptions (20 events):
Event: 1.601 Thread 0x000002371b72dbe0 Exception <a 'java/lang/NoSuchMethodError'{0x000000008a7c6de8}: 'void java.lang.invoke.DirectMethodHandle$Holder.invokeVirtual(java.lang.Object, java.lang.Object, int)'> (0x000000008a7c6de8) 
thrown [s\src\hotspot\share\interpreter\linkResolver.cpp, line 759]
Event: 1.671 Thread 0x000002371b72dbe0 Exception <a 'java/lang/NoSuchMethodError'{0x000000008b330c50}: 'java.lang.Object java.lang.invoke.DirectMethodHandle$Holder.invokeStaticInit(java.lang.Object)'> (0x000000008b330c50) 
thrown [s\src\hotspot\share\interpreter\linkResolver.cpp, line 759]
Event: 1.726 Thread 0x000002371b72dbe0 Exception <a 'java/lang/NoSuchMethodError'{0x000000008b36a3c0}: 'void java.lang.invoke.DirectMethodHandle$Holder.invokeStatic(java.lang.Object, java.lang.Object)'> (0x000000008b36a3c0) 
thrown [s\src\hotspot\share\interpreter\linkResolver.cpp, line 759]
Event: 1.821 Thread 0x000002371b72dbe0 Exception <a 'java/lang/ClassNotFoundException'{0x000000008b23cb80}: com/sun/org/apache/xerces/internal/impl/msg/spi/SAXMessagesProvider> (0x000000008b23cb80) 
thrown [s\src\hotspot\share\classfile\systemDictionary.cpp, line 256]
Event: 1.923 Thread 0x000002371b72dbe0 Exception <a 'java/lang/NoSuchMethodError'{0x000000008b1134d0}: 'java.lang.Object java.lang.invoke.DirectMethodHandle$Holder.invokeStaticInit(java.lang.Object, int, int, int, int)'> (0x000000008b1134d0) 
thrown [s\src\hotspot\share\interpreter\linkResolver.cpp, line 759]
Event: 2.021 Thread 0x000002371b72dbe0 Exception <a 'java/lang/NoSuchMethodError'{0x000000008b1e8050}: 'java.lang.Object java.lang.invoke.DirectMethodHandle$Holder.invokeStaticInit(java.lang.Object, java.lang.Object, int, int, int, int)'> (0x000000008b1e8050) 
thrown [s\src\hotspot\share\interpreter\linkResolver.cpp, line 759]
Event: 2.167 Thread 0x000002371b72dbe0 Exception <a 'java/lang/NoSuchMethodError'{0x000000008aee2738}: 'void java.lang.invoke.DirectMethodHandle$Holder.invokeStatic(java.lang.Object, java.lang.Object, java.lang.Object, java.lang.Object)'> (0x000000008aee2738) 
thrown [s\src\hotspot\share\interpreter\linkResolver.cpp, line 759]
Event: 2.176 Thread 0x000002371b72dbe0 Exception <a 'java/lang/NoSuchMethodError'{0x000000008ad27658}: 'int java.lang.invoke.DirectMethodHandle$Holder.invokeInterface(java.lang.Object, java.lang.Object)'> (0x000000008ad27658) 
thrown [s\src\hotspot\share\interpreter\linkResolver.cpp, line 759]
Event: 2.178 Thread 0x000002371b72dbe0 Exception <a 'java/lang/NoSuchMethodError'{0x000000008ad31760}: 'java.lang.Object java.lang.invoke.Invokers$Holder.invokeExact_MT(java.lang.Object, java.lang.Object, java.lang.Object, java.lang.Object, java.lang.Object, java.lang.Object)'> (0x000000008ad31760) 
thrown [s\src\hotspot\share\interpreter\linkResolver.cpp, line 759]
Event: 2.182 Thread 0x000002371b72dbe0 Exception <a 'java/lang/NoSuchMethodError'{0x000000008ad476e0}: 'java.lang.Object java.lang.invoke.DirectMethodHandle$Holder.invokeInterface(java.lang.Object, java.lang.Object)'> (0x000000008ad476e0) 
thrown [s\src\hotspot\share\interpreter\linkResolver.cpp, line 759]
Event: 2.189 Thread 0x000002371b72dbe0 Exception <a 'java/lang/NoSuchMethodError'{0x000000008ad6e350}: 'int java.lang.invoke.DirectMethodHandle$Holder.invokeVirtual(java.lang.Object, java.lang.Object)'> (0x000000008ad6e350) 
thrown [s\src\hotspot\share\interpreter\linkResolver.cpp, line 759]
Event: 2.218 Thread 0x000002371b72dbe0 Exception <a 'java/lang/NoSuchMethodError'{0x000000008ac0eae8}: 'java.lang.Object java.lang.invoke.DirectMethodHandle$Holder.invokeSpecial(java.lang.Object, java.lang.Object, java.lang.Object, int, java.lang.Object)'> (0x000000008ac0eae8) 
thrown [s\src\hotspot\share\interpreter\linkResolver.cpp, line 759]
Event: 2.223 Thread 0x000002371b72dbe0 Exception <a 'java/lang/NoSuchMethodError'{0x000000008ac2d460}: 'int java.lang.invoke.DirectMethodHandle$Holder.invokeStaticInit(java.lang.Object, java.lang.Object, java.lang.Object)'> (0x000000008ac2d460) 
thrown [s\src\hotspot\share\interpreter\linkResolver.cpp, line 759]
Event: 2.350 Thread 0x000002371b72dbe0 Exception <a 'java/lang/IncompatibleClassChangeError'{0x000000008abcc750}: Found class java.lang.Object, but interface was expected> (0x000000008abcc750) 
thrown [s\src\hotspot\share\interpreter\linkResolver.cpp, line 826]
Event: 2.354 Thread 0x000002371b72dbe0 Exception <a 'java/lang/NoSuchMethodError'{0x000000008abe4d78}: 'java.lang.Object java.lang.invoke.DirectMethodHandle$Holder.invokeSpecial(java.lang.Object, java.lang.Object, java.lang.Object, java.lang.Object, java.lang.Object, java.lang.Object, java.lang.Object, java.lang.Object, java.lang.Object, java.lang.Object)'> (0x000000008abe4d78) 
thrown [s\src\hotspot\share\interpreter\linkResolver.cpp, line 759]
Event: 2.356 Thread 0x000002371b72dbe0 Exception <a 'java/lang/NoSuchMethodError'{0x000000008abefa58}: 'java.lang.Object java.lang.invoke.DirectMethodHandle$Holder.newInvokeSpecial(java.lang.Object, java.lang.Object, java.lang.Object, java.lang.Object, java.lang.Object, java.lang.Object, java.lang.Object, java.lang.Object, java.lang.Object)'> (0x000000008abefa58) 
thrown [s\src\hotspot\share\interpreter\linkResolver.cpp, line 759]
Event: 2.356 Thread 0x000002371b72dbe0 Exception <a 'java/lang/NoSuchMethodError'{0x000000008abf4da8}: 'java.lang.Object java.lang.invoke.Invokers$Holder.linkToTargetMethod(java.lang.Object, java.lang.Object, java.lang.Object, java.lang.Object, java.lang.Object, java.lang.Object, java.lang.Object, java.lang.Object, java.lang.Object)'> (0x000000008abf4da8) 
thrown [s\src\hotspot\share\interpreter\linkResolver.cpp, line 759]
Event: 2.394 Thread 0x000002371b72dbe0 Exception <a 'java/lang/NoSuchMethodError'{0x000000008aaadd90}: 'java.lang.Object java.lang.invoke.DirectMethodHandle$Holder.newInvokeSpecial(java.lang.Object, java.lang.Object, java.lang.Object, java.lang.Object, java.lang.Object, java.lang.Object, java.lang.Object)'> (0x000000008aaadd90) 
thrown [s\src\hotspot\share\interpreter\linkResolver.cpp, line 759]
Event: 2.397 Thread 0x000002371b72dbe0 Exception <a 'java/lang/NoSuchMethodError'{0x000000008aab29f8}: 'java.lang.Object java.lang.invoke.Invokers$Holder.linkToTargetMethod(java.lang.Object, java.lang.Object, java.lang.Object, java.lang.Object, java.lang.Object, java.lang.Object, java.lang.Object)'> (0x000000008aab29f8) 
thrown [s\src\hotspot\share\interpreter\linkResolver.cpp, line 759]
Event: 2.415 Thread 0x000002371b72dbe0 Exception <a 'java/lang/NoSuchMethodError'{0x000000008a9184c0}: 'java.lang.Object java.lang.invoke.DirectMethodHandle$Holder.newInvokeSpecial(java.lang.Object, java.lang.Object, java.lang.Object, java.lang.Object, java.lang.Object)'> (0x000000008a9184c0) 
thrown [s\src\hotspot\share\interpreter\linkResolver.cpp, line 759]

VM Operations (20 events):
Event: 1.276 Executing VM operation: HandshakeAllThreads
Event: 1.276 Executing VM operation: HandshakeAllThreads done
Event: 1.335 Executing VM operation: HandshakeAllThreads
Event: 1.335 Executing VM operation: HandshakeAllThreads done
Event: 1.456 Executing VM operation: HandshakeAllThreads
Event: 1.456 Executing VM operation: HandshakeAllThreads done
Event: 1.620 Executing VM operation: HandshakeAllThreads
Event: 1.620 Executing VM operation: HandshakeAllThreads done
Event: 1.626 Executing VM operation: G1CollectForAllocation
Event: 1.652 Executing VM operation: G1CollectForAllocation done
Event: 1.686 Executing VM operation: HandshakeAllThreads
Event: 1.686 Executing VM operation: HandshakeAllThreads done
Event: 1.865 Executing VM operation: HandshakeAllThreads
Event: 1.865 Executing VM operation: HandshakeAllThreads done
Event: 1.901 Executing VM operation: HandshakeAllThreads
Event: 1.901 Executing VM operation: HandshakeAllThreads done
Event: 2.030 Executing VM operation: HandshakeAllThreads
Event: 2.030 Executing VM operation: HandshakeAllThreads done
Event: 2.032 Executing VM operation: HandshakeAllThreads
Event: 2.032 Executing VM operation: HandshakeAllThreads done

Events (20 events):
Event: 2.389 loading class java/util/stream/IntPipeline$1
Event: 2.389 loading class java/util/stream/IntPipeline$1 done
Event: 2.389 loading class java/util/stream/IntPipeline$1$1
Event: 2.389 loading class java/util/stream/Sink$ChainedInt
Event: 2.389 loading class java/util/stream/Sink$OfInt
Event: 2.389 loading class java/util/function/IntConsumer
Event: 2.389 loading class java/util/function/IntConsumer done
Event: 2.389 loading class java/util/stream/Sink$OfInt done
Event: 2.389 loading class java/util/stream/Sink$ChainedInt done
Event: 2.389 loading class java/util/stream/IntPipeline$1$1 done
Event: 2.410 loading class java/util/stream/MatchOps$MatchKind
Event: 2.410 loading class java/util/stream/MatchOps$MatchKind done
Event: 2.410 loading class java/util/stream/MatchOps
Event: 2.411 loading class java/util/stream/MatchOps done
Event: 2.411 loading class java/util/stream/MatchOps$MatchOp
Event: 2.411 loading class java/util/stream/MatchOps$MatchOp done
Event: 2.411 loading class java/util/stream/MatchOps$BooleanTerminalSink
Event: 2.411 loading class java/util/stream/MatchOps$BooleanTerminalSink done
Event: 2.411 loading class java/util/stream/MatchOps$1MatchSink
Event: 2.413 loading class java/util/stream/MatchOps$1MatchSink done


Dynamic libraries:
0x00007ff64ed70000 - 0x00007ff64ed7e000 	E:\Drive\Automation test\Selenium\eclipse-java-2023-06-R-win32-x86_64\eclipse\plugins\org.eclipse.justj.openjdk.hotspot.jre.full.win32.x86_64_17.0.7.v20230425-1502\jre\bin\javaw.exe
0x00007fffdb210000 - 0x00007fffdb424000 	C:\WINDOWS\SYSTEM32\ntdll.dll
0x00007fffd9de0000 - 0x00007fffd9ea2000 	C:\WINDOWS\System32\KERNEL32.DLL
0x00007fffd8af0000 - 0x00007fffd8e93000 	C:\WINDOWS\System32\KERNELBASE.dll
0x00007fffd89d0000 - 0x00007fffd8ae1000 	C:\WINDOWS\System32\ucrtbase.dll
0x00007fffb7ab0000 - 0x00007fffb7ac7000 	E:\Drive\Automation test\Selenium\eclipse-java-2023-06-R-win32-x86_64\eclipse\plugins\org.eclipse.justj.openjdk.hotspot.jre.full.win32.x86_64_17.0.7.v20230425-1502\jre\bin\jli.dll
0x00007fffd9c10000 - 0x00007fffd9dbb000 	C:\WINDOWS\System32\USER32.dll
0x00007fffd8fc0000 - 0x00007fffd8fe6000 	C:\WINDOWS\System32\win32u.dll
0x00007fffda170000 - 0x00007fffda199000 	C:\WINDOWS\System32\GDI32.dll
0x00007fffd8ea0000 - 0x00007fffd8fb9000 	C:\WINDOWS\System32\gdi32full.dll
0x00007fffd88c0000 - 0x00007fffd895a000 	C:\WINDOWS\System32\msvcp_win.dll
0x00007fffcd2c0000 - 0x00007fffcd2d9000 	E:\Drive\Automation test\Selenium\eclipse-java-2023-06-R-win32-x86_64\eclipse\plugins\org.eclipse.justj.openjdk.hotspot.jre.full.win32.x86_64_17.0.7.v20230425-1502\jre\bin\VCRUNTIME140.dll
0x00007fffbe130000 - 0x00007fffbe3be000 	C:\WINDOWS\WinSxS\amd64_microsoft.windows.common-controls_6595b64144ccf1df_6.0.22621.1635_none_270f70857386168e\COMCTL32.dll
0x00007fffd9430000 - 0x00007fffd94d7000 	C:\WINDOWS\System32\msvcrt.dll
0x00007fffd9ff0000 - 0x00007fffda021000 	C:\WINDOWS\System32\IMM32.DLL
0x00007fffcebd0000 - 0x00007fffcebdc000 	E:\Drive\Automation test\Selenium\eclipse-java-2023-06-R-win32-x86_64\eclipse\plugins\org.eclipse.justj.openjdk.hotspot.jre.full.win32.x86_64_17.0.7.v20230425-1502\jre\bin\vcruntime140_1.dll
0x00007fffb79c0000 - 0x00007fffb7a51000 	E:\Drive\Automation test\Selenium\eclipse-java-2023-06-R-win32-x86_64\eclipse\plugins\org.eclipse.justj.openjdk.hotspot.jre.full.win32.x86_64_17.0.7.v20230425-1502\jre\bin\msvcp140.dll
0x00007fff48130000 - 0x00007fff48d78000 	E:\Drive\Automation test\Selenium\eclipse-java-2023-06-R-win32-x86_64\eclipse\plugins\org.eclipse.justj.openjdk.hotspot.jre.full.win32.x86_64_17.0.7.v20230425-1502\jre\bin\server\jvm.dll
0x00007fffda6d0000 - 0x00007fffda77e000 	C:\WINDOWS\System32\ADVAPI32.dll
0x00007fffd9f40000 - 0x00007fffd9fe4000 	C:\WINDOWS\System32\sechost.dll
0x00007fffda8a0000 - 0x00007fffda9b7000 	C:\WINDOWS\System32\RPCRT4.dll
0x00007fffcd420000 - 0x00007fffcd429000 	C:\WINDOWS\SYSTEM32\WSOCK32.dll
0x00007fffd9350000 - 0x00007fffd93c1000 	C:\WINDOWS\System32\WS2_32.dll
0x00007fffce590000 - 0x00007fffce5c4000 	C:\WINDOWS\SYSTEM32\WINMM.dll
0x00007fffcd080000 - 0x00007fffcd08a000 	C:\WINDOWS\SYSTEM32\VERSION.dll
0x00007fffd7700000 - 0x00007fffd7718000 	C:\WINDOWS\SYSTEM32\kernel.appcore.dll
0x00007fffb7aa0000 - 0x00007fffb7aaa000 	E:\Drive\Automation test\Selenium\eclipse-java-2023-06-R-win32-x86_64\eclipse\plugins\org.eclipse.justj.openjdk.hotspot.jre.full.win32.x86_64_17.0.7.v20230425-1502\jre\bin\jimage.dll
0x00007fffd61c0000 - 0x00007fffd63ee000 	C:\WINDOWS\SYSTEM32\DBGHELP.DLL
0x00007fffda340000 - 0x00007fffda6c9000 	C:\WINDOWS\System32\combase.dll
0x00007fffd9060000 - 0x00007fffd9137000 	C:\WINDOWS\System32\OLEAUT32.dll
0x00007fffc2630000 - 0x00007fffc2662000 	C:\WINDOWS\SYSTEM32\dbgcore.DLL
0x00007fffd8840000 - 0x00007fffd88bb000 	C:\WINDOWS\System32\bcryptPrimitives.dll
0x00007fffb7990000 - 0x00007fffb79b5000 	E:\Drive\Automation test\Selenium\eclipse-java-2023-06-R-win32-x86_64\eclipse\plugins\org.eclipse.justj.openjdk.hotspot.jre.full.win32.x86_64_17.0.7.v20230425-1502\jre\bin\java.dll
0x00007fffb7970000 - 0x00007fffb7988000 	E:\Drive\Automation test\Selenium\eclipse-java-2023-06-R-win32-x86_64\eclipse\plugins\org.eclipse.justj.openjdk.hotspot.jre.full.win32.x86_64_17.0.7.v20230425-1502\jre\bin\zip.dll
0x00007fffda9c0000 - 0x00007fffdb1ba000 	C:\WINDOWS\System32\SHELL32.dll
0x00007fffd6620000 - 0x00007fffd6eee000 	C:\WINDOWS\SYSTEM32\windows.storage.dll
0x00007fffd64e0000 - 0x00007fffd661e000 	C:\WINDOWS\SYSTEM32\wintypes.dll
0x00007fffda790000 - 0x00007fffda881000 	C:\WINDOWS\System32\SHCORE.dll
0x00007fffd93d0000 - 0x00007fffd942e000 	C:\WINDOWS\System32\shlwapi.dll
0x00007fffd8540000 - 0x00007fffd8561000 	C:\WINDOWS\SYSTEM32\profapi.dll
0x00007fffb7950000 - 0x00007fffb7969000 	E:\Drive\Automation test\Selenium\eclipse-java-2023-06-R-win32-x86_64\eclipse\plugins\org.eclipse.justj.openjdk.hotspot.jre.full.win32.x86_64_17.0.7.v20230425-1502\jre\bin\net.dll
0x00007fffce1a0000 - 0x00007fffce2d7000 	C:\WINDOWS\SYSTEM32\WINHTTP.dll
0x00007fffd7bc0000 - 0x00007fffd7c29000 	C:\WINDOWS\system32\mswsock.dll
0x00007fffb7930000 - 0x00007fffb7945000 	E:\Drive\Automation test\Selenium\eclipse-java-2023-06-R-win32-x86_64\eclipse\plugins\org.eclipse.justj.openjdk.hotspot.jre.full.win32.x86_64_17.0.7.v20230425-1502\jre\bin\nio.dll
0x00007fffd7230000 - 0x00007fffd7323000 	C:\WINDOWS\SYSTEM32\DNSAPI.dll
0x00007fffd7200000 - 0x00007fffd722d000 	C:\WINDOWS\SYSTEM32\IPHLPAPI.DLL
0x00007fffda160000 - 0x00007fffda169000 	C:\WINDOWS\System32\NSI.dll
0x00007fffbab00000 - 0x00007fffbab0a000 	C:\Windows\System32\rasadhlp.dll
0x00007fffcc8d0000 - 0x00007fffcc954000 	C:\WINDOWS\System32\fwpuclnt.dll
0x00007fffd7e20000 - 0x00007fffd7e3b000 	C:\WINDOWS\SYSTEM32\CRYPTSP.dll
0x00007fffd76c0000 - 0x00007fffd76f5000 	C:\WINDOWS\system32\rsaenh.dll
0x00007fffd7cc0000 - 0x00007fffd7ce8000 	C:\WINDOWS\SYSTEM32\USERENV.dll
0x00007fffd7fe0000 - 0x00007fffd8008000 	C:\WINDOWS\SYSTEM32\bcrypt.dll
0x00007fffd7e40000 - 0x00007fffd7e4c000 	C:\WINDOWS\SYSTEM32\CRYPTBASE.dll
0x00007fffce0b0000 - 0x00007fffce0c9000 	C:\WINDOWS\SYSTEM32\dhcpcsvc6.DLL
0x00007fffce390000 - 0x00007fffce3af000 	C:\WINDOWS\SYSTEM32\dhcpcsvc.DLL

dbghelp: loaded successfully - version: 4.0.5 - missing functions: none
symbol engine: initialized successfully - sym options: 0x614 - pdb path: .;E:\Drive\Automation test\Selenium\eclipse-java-2023-06-R-win32-x86_64\eclipse\plugins\org.eclipse.justj.openjdk.hotspot.jre.full.win32.x86_64_17.0.7.v20230425-1502\jre\bin;C:\WINDOWS\SYSTEM32;C:\WINDOWS\WinSxS\amd64_microsoft.windows.common-controls_6595b64144ccf1df_6.0.22621.1635_none_270f70857386168e;E:\Drive\Automation test\Selenium\eclipse-java-2023-06-R-win32-x86_64\eclipse\plugins\org.eclipse.justj.openjdk.hotspot.jre.full.win32.x86_64_17.0.7.v20230425-1502\jre\bin\server

VM Arguments:
jvm_args: -ea -Dfile.encoding=UTF-8 -XX:+ShowCodeDetailsInExceptionMessages 
java_command: org.testng.remote.RemoteTestNG -serport 56594 -protocol json -d E:\Drive\Automation test\Selenium\SeleniumFrameworkDesign\test-output C:\Users\ADMINI~1\AppData\Local\Temp\testng-eclipse--1086782385\testng-customsuite.xml
java_class_path (initial): E:\Drive\Automation test\Selenium\eclipse-java-2023-06-R-win32-x86_64\eclipse\configuration\org.eclipse.osgi\515\0\.cp\lib\testng-remote.jar;E:\Drive\Automation test\Selenium\SeleniumFrameworkDesign\target\test-classes;E:\Drive\Automation test\Selenium\SeleniumFrameworkDesign\target\classes;C:\Users\Administrator\.m2\repository\org\seleniumhq\selenium\selenium-java\4.11.0\selenium-java-4.11.0.jar;C:\Users\Administrator\.m2\repository\org\seleniumhq\selenium\selenium-api\4.11.0\selenium-api-4.11.0.jar;C:\Users\Administrator\.m2\repository\org\seleniumhq\selenium\selenium-chrome-driver\4.11.0\selenium-chrome-driver-4.11.0.jar;C:\Users\Administrator\.m2\repository\com\google\auto\service\auto-service-annotations\1.0.1\auto-service-annotations-1.0.1.jar;C:\Users\Administrator\.m2\repository\com\google\guava\guava\31.1-jre\guava-31.1-jre.jar;C:\Users\Administrator\.m2\repository\com\google\guava\failureaccess\1.0.1\failureaccess-1.0.1.jar;C:\Users\Administrator\.m2\repository\com\google\guava\listenablefuture\9999.0-empty-to-avoid-conflict-with-guava\listenablefuture-9999.0-empty-to-avoid-conflict-with-guava.jar;C:\Users\Administrator\.m2\repository\com\google\code\findbugs\jsr305\3.0.2\jsr305-3.0.2.jar;C:\Users\Administrator\.m2\repository\org\checkerframework\checker-qual\3.12.0\checker-qual-3.12.0.jar;C:\Users\Administrator\.m2\repository\com\google\errorprone\error_prone_annotations\2.11.0\error_prone_annotations-2.11.0.jar;C:\Users\Administrator\.m2\repository\com\google\j2objc\j2objc-annotations\1.3\j2objc-annotations-1.3.jar;C:\Users\Administrator\.m2\repository\org\seleniumhq\selenium\selenium-chromium-driver\4.11.0\selenium-chromium-driver-4.11.0.jar;C:\Users\Administrator\.m2\repository\org\seleniumhq\selenium\selenium-json\4.11.0\selenium-json-4.11.0.jar;C:\Users\Administrator\.m2\repository\org\seleniumhq\selenium\selenium-manager\4.11.0\selenium-manager-4.11.0.jar;C:\Users\Administrator\.m2\repository\org\seleniumhq\selenium\sele
Launcher Type: SUN_STANDARD

[Global flags]
     intx CICompilerCount                          = 3                                         {product} {ergonomic}
     uint ConcGCThreads                            = 1                                         {product} {ergonomic}
     uint G1ConcRefinementThreads                  = 4                                         {product} {ergonomic}
   size_t G1HeapRegionSize                         = 1048576                                   {product} {ergonomic}
    uintx GCDrainStackTargetSize                   = 64                                        {product} {ergonomic}
   size_t InitialHeapSize                          = 132120576                                 {product} {ergonomic}
   size_t MarkStackSize                            = 4194304                                   {product} {ergonomic}
   size_t MaxHeapSize                              = 2090860544                                {product} {ergonomic}
   size_t MaxNewSize                               = 1254096896                                {product} {ergonomic}
   size_t MinHeapDeltaBytes                        = 1048576                                   {product} {ergonomic}
   size_t MinHeapSize                              = 8388608                                   {product} {ergonomic}
    uintx NonNMethodCodeHeapSize                   = 5832780                                {pd product} {ergonomic}
    uintx NonProfiledCodeHeapSize                  = 122912730                              {pd product} {ergonomic}
    uintx ProfiledCodeHeapSize                     = 122912730                              {pd product} {ergonomic}
    uintx ReservedCodeCacheSize                    = 251658240                              {pd product} {ergonomic}
     bool SegmentedCodeCache                       = true                                      {product} {ergonomic}
     bool ShowCodeDetailsInExceptionMessages       = true                                   {manageable} {command line}
   size_t SoftMaxHeapSize                          = 2090860544                             {manageable} {ergonomic}
     bool UseCompressedClassPointers               = true                           {product lp64_product} {ergonomic}
     bool UseCompressedOops                        = true                           {product lp64_product} {ergonomic}
     bool UseG1GC                                  = true                                      {product} {ergonomic}
     bool UseLargePagesIndividualAllocation        = false                                  {pd product} {ergonomic}

Logging:
Log output configuration:
 #0: stdout all=warning uptime,level,tags
 #1: stderr all=off uptime,level,tags

Environment Variables:
PATH=E:/Drive/Automation test/Selenium/eclipse-java-2023-06-R-win32-x86_64/eclipse//plugins/org.eclipse.justj.openjdk.hotspot.jre.full.win32.x86_64_17.0.8.v20230831-1047/jre/bin/server;E:/Drive/Automation test/Selenium/eclipse-java-2023-06-R-win32-x86_64/eclipse//plugins/org.eclipse.justj.openjdk.hotspot.jre.full.win32.x86_64_17.0.8.v20230831-1047/jre/bin;E:/Drive/Automation test/Selenium/eclipse-java-2023-06-R-win32-x86_64/eclipse//plugins/org.eclipse.justj.openjdk.hotspot.jre.full.win32.x86_64_17.0.7.v20230425-1502/jre/bin/server;E:/Drive/Automation test/Selenium/eclipse-java-2023-06-R-win32-x86_64/eclipse//plugins/org.eclipse.justj.openjdk.hotspot.jre.full.win32.x86_64_17.0.7.v20230425-1502/jre/bin;E:\Drive\Automation test\Selenium\Dependencies\Java\jdk-21\bin;C:\ProgramData\Oracle\Java\javapath;C:\WINDOWS\system32;C:\WINDOWS;C:\WINDOWS\System32\Wbem;C:\WINDOWS\System32\WindowsPowerShell\v1.0\;C:\WINDOWS\System32\OpenSSH\;C:\Program Files\TortoiseSVN\bin;C:\Program Files (x86)\Pulse Secure\VC142.CRT\X64\;C:\Program Files (x86)\Pulse Secure\VC142.CRT\X86\;E:\Drive\Automation test\Selenium\Dependencies\Maven\apache-maven-3.9.4\bin;C:\Users\Administrator\AppData\Local\Microsoft\WindowsApps;C:\ffmpeg\bin;;C:\Users\Administrator;;C:\Users\Administrator;
USERNAME=Administrator
OS=Windows_NT
PROCESSOR_IDENTIFIER=Intel64 Family 6 Model 126 Stepping 5, GenuineIntel
TMP=C:\Users\ADMINI~1\AppData\Local\Temp
TEMP=C:\Users\ADMINI~1\AppData\Local\Temp



---------------  S Y S T E M  ---------------

OS:
 Windows 11 , 64 bit Build 22621 (10.0.22621.1778)
OS uptime: 0 days 6:45 hours

CPU: total 4 (initial active 4) (2 cores per cpu, 2 threads per core) family 6 model 126 stepping 5 microcode 0xa0, cx8, cmov, fxsr, ht, mmx, 3dnowpref, sse, sse2, sse3, ssse3, sse4.1, sse4.2, popcnt, lzcnt, tsc, tscinvbit, avx, avx2, aes, erms, clmul, bmi1, bmi2, adx, avx512f, avx512dq, avx512cd, avx512bw, avx512vl, sha, fma, vzeroupper, avx512_vpopcntdq, avx512_vpclmulqdq, avx512_vaes, avx512_vnni, clflush, clflushopt, avx512_vbmi2, avx512_vbmi

Memory: 4k page, system-wide physical 7969M (928M free)
TotalPageFile size 11730M (AvailPageFile size 114M)
current process WorkingSet (physical memory assigned to process): 87M, peak: 87M
current process commit charge ("private bytes"): 224M, peak: 225M

vm_info: OpenJDK 64-Bit Server VM (17.0.7+7) for windows-amd64 JRE (17.0.7+7), built on Apr 18 2023 22:10:42 by "temurin" with MS VC++ 16.7 (VS2019)

END.
